<?xml version="1.0" encoding="UTF-8"?>
<testng-results ignored="0" total="3" passed="1" failed="1" skipped="1">
  <reporter-output>
  </reporter-output>
  <suite started-at="2024-12-04T11:42:06 SAST" name="Default suite" finished-at="2024-12-04T11:42:34 SAST" duration-ms="28116">
    <groups>
      <group name="Smoke">
        <method signature="StandAlone2.SubmitOrder(java.util.HashMap)[pri:0, instance:MichealSeleniumAutomation.StandAlone2@3835c46]" name="SubmitOrder" class="MichealSeleniumAutomation.StandAlone2"/>
      </group> <!-- Smoke -->
    </groups>
    <test started-at="2024-12-04T11:42:06 SAST" name="Default test" finished-at="2024-12-04T11:42:34 SAST" duration-ms="28116">
      <class name="MichealSeleniumAutomation.StandAlone2">
        <test-method is-config="true" signature="launchApplication()[pri:0, instance:MichealSeleniumAutomation.StandAlone2@3835c46]" started-at="2024-12-04T11:42:06 SAST" name="launchApplication" finished-at="2024-12-04T11:42:17 SAST" duration-ms="11800" status="PASS">
          <reporter-output>
          </reporter-output>
        </test-method> <!-- launchApplication -->
        <test-method signature="SubmitOrder(java.util.HashMap)[pri:0, instance:MichealSeleniumAutomation.StandAlone2@3835c46]" started-at="2024-12-04T11:42:18 SAST" name="SubmitOrder" data-provider="getData" finished-at="2024-12-04T11:42:24 SAST" duration-ms="5877" status="PASS">
          <params>
            <param index="0">
              <value>
                <![CDATA[{password=Grouth#44, product=ZARA COAT 3, email=dmichaeldjamba@gmail.com}]]>
              </value>
            </param>
          </params>
          <reporter-output>
          </reporter-output>
        </test-method> <!-- SubmitOrder -->
        <test-method signature="SubmitOrder(java.util.HashMap)[pri:0, instance:MichealSeleniumAutomation.StandAlone2@3835c46]" started-at="2024-12-04T11:42:24 SAST" name="SubmitOrder" data-provider="getData" finished-at="2024-12-04T11:42:34 SAST" duration-ms="10013" status="FAIL">
          <params>
            <param index="0">
              <value>
                <![CDATA[{password=Grouth#44, product=IPHONE 13 PRO, email=mikekulio@gmail.com}]]>
              </value>
            </param>
          </params>
          <exception class="org.openqa.selenium.NoSuchElementException">
            <message>
              <![CDATA[no such element: Unable to locate element: {"method":"css selector","selector":"[id='userEmail']"}
  (Session info: chrome=131.0.6778.87)
For documentation on this error, please visit: https://www.selenium.dev/documentation/webdriver/troubleshooting/errors#no-such-element-exception
Build info: version: '4.27.0', revision: 'd6e718d134'
System info: os.name: 'Mac OS X', os.arch: 'x86_64', os.version: '10.16', java.version: '15.0.2'
Driver info: org.openqa.selenium.chrome.ChromeDriver
Command: [99a098a2f9194dbd19b581ce8994420b, findElement {value=[id='userEmail'], using=css selector}]
Capabilities {acceptInsecureCerts: false, browserName: chrome, browserVersion: 131.0.6778.87, chrome: {chromedriverVersion: 131.0.6778.87 (ce31cae94873..., userDataDir: /var/folders/zx/fj403cf14_v...}, fedcm:accounts: true, goog:chromeOptions: {debuggerAddress: localhost:51427}, networkConnectionEnabled: false, pageLoadStrategy: normal, platformName: mac, proxy: Proxy(), se:cdp: ws://localhost:51427/devtoo..., se:cdpVersion: 131.0.6778.87, setWindowRect: true, strictFileInteractability: false, timeouts: {implicit: 0, pageLoad: 300000, script: 30000}, unhandledPromptBehavior: dismiss and notify, webauthn:extension:credBlob: true, webauthn:extension:largeBlob: true, webauthn:extension:minPinLength: true, webauthn:extension:prf: true, webauthn:virtualAuthenticators: true}
Session ID: 99a098a2f9194dbd19b581ce8994420b]]>
            </message>
            <full-stacktrace>
              <![CDATA[org.openqa.selenium.NoSuchElementException: no such element: Unable to locate element: {"method":"css selector","selector":"[id='userEmail']"}
  (Session info: chrome=131.0.6778.87)
For documentation on this error, please visit: https://www.selenium.dev/documentation/webdriver/troubleshooting/errors#no-such-element-exception
Build info: version: '4.27.0', revision: 'd6e718d134'
System info: os.name: 'Mac OS X', os.arch: 'x86_64', os.version: '10.16', java.version: '15.0.2'
Driver info: org.openqa.selenium.chrome.ChromeDriver
Command: [99a098a2f9194dbd19b581ce8994420b, findElement {value=[id='userEmail'], using=css selector}]
Capabilities {acceptInsecureCerts: false, browserName: chrome, browserVersion: 131.0.6778.87, chrome: {chromedriverVersion: 131.0.6778.87 (ce31cae94873..., userDataDir: /var/folders/zx/fj403cf14_v...}, fedcm:accounts: true, goog:chromeOptions: {debuggerAddress: localhost:51427}, networkConnectionEnabled: false, pageLoadStrategy: normal, platformName: mac, proxy: Proxy(), se:cdp: ws://localhost:51427/devtoo..., se:cdpVersion: 131.0.6778.87, setWindowRect: true, strictFileInteractability: false, timeouts: {implicit: 0, pageLoad: 300000, script: 30000}, unhandledPromptBehavior: dismiss and notify, webauthn:extension:credBlob: true, webauthn:extension:largeBlob: true, webauthn:extension:minPinLength: true, webauthn:extension:prf: true, webauthn:virtualAuthenticators: true}
Session ID: 99a098a2f9194dbd19b581ce8994420b
at java.base/jdk.internal.reflect.NativeConstructorAccessorImpl.newInstance0(Native Method)
at java.base/jdk.internal.reflect.NativeConstructorAccessorImpl.newInstance(NativeConstructorAccessorImpl.java:64)
at java.base/jdk.internal.reflect.DelegatingConstructorAccessorImpl.newInstance(DelegatingConstructorAccessorImpl.java:45)
at java.base/java.lang.reflect.Constructor.newInstanceWithCaller(Constructor.java:500)
at java.base/java.lang.reflect.Constructor.newInstance(Constructor.java:481)
at org.openqa.selenium.remote.ErrorCodec.decode(ErrorCodec.java:167)
at org.openqa.selenium.remote.codec.w3c.W3CHttpResponseCodec.decode(W3CHttpResponseCodec.java:138)
at org.openqa.selenium.remote.codec.w3c.W3CHttpResponseCodec.decode(W3CHttpResponseCodec.java:50)
at org.openqa.selenium.remote.HttpCommandExecutor.execute(HttpCommandExecutor.java:190)
at org.openqa.selenium.remote.service.DriverCommandExecutor.invokeExecute(DriverCommandExecutor.java:216)
at org.openqa.selenium.remote.service.DriverCommandExecutor.execute(DriverCommandExecutor.java:174)
at org.openqa.selenium.remote.RemoteWebDriver.execute(RemoteWebDriver.java:545)
at org.openqa.selenium.remote.ElementLocation$ElementFinder$2.findElement(ElementLocation.java:165)
at org.openqa.selenium.remote.ElementLocation.findElement(ElementLocation.java:59)
at org.openqa.selenium.remote.RemoteWebDriver.findElement(RemoteWebDriver.java:368)
at org.openqa.selenium.remote.RemoteWebDriver.findElement(RemoteWebDriver.java:362)
at org.openqa.selenium.support.pagefactory.DefaultElementLocator.findElement(DefaultElementLocator.java:68)
at org.openqa.selenium.support.pagefactory.internal.LocatingElementHandler.invoke(LocatingElementHandler.java:38)
at com.sun.proxy.$Proxy13.sendKeys(Unknown Source)
at MichaelSeleniumAutomation.pageobjects.LandingPage.LoginApplication(LandingPage.java:42)
at MichealSeleniumAutomation.StandAlone2.SubmitOrder(StandAlone2.java:55)
at java.base/jdk.internal.reflect.NativeMethodAccessorImpl.invoke0(Native Method)
at java.base/jdk.internal.reflect.NativeMethodAccessorImpl.invoke(NativeMethodAccessorImpl.java:64)
at java.base/jdk.internal.reflect.DelegatingMethodAccessorImpl.invoke(DelegatingMethodAccessorImpl.java:43)
at java.base/java.lang.reflect.Method.invoke(Method.java:564)
at org.testng.internal.invokers.MethodInvocationHelper.invokeMethod(MethodInvocationHelper.java:139)
at org.testng.internal.invokers.TestInvoker.invokeMethod(TestInvoker.java:677)
at org.testng.internal.invokers.TestInvoker.invokeTestMethod(TestInvoker.java:221)
at org.testng.internal.invokers.MethodRunner.runInSequence(MethodRunner.java:50)
at org.testng.internal.invokers.TestInvoker$MethodInvocationAgent.invoke(TestInvoker.java:969)
at org.testng.internal.invokers.TestInvoker.invokeTestMethods(TestInvoker.java:194)
at org.testng.internal.invokers.TestMethodWorker.invokeTestMethods(TestMethodWorker.java:148)
at org.testng.internal.invokers.TestMethodWorker.run(TestMethodWorker.java:128)
at java.base/java.util.ArrayList.forEach(ArrayList.java:1511)
at org.testng.TestRunner.privateRun(TestRunner.java:829)
at org.testng.TestRunner.run(TestRunner.java:602)
at org.testng.SuiteRunner.runTest(SuiteRunner.java:437)
at org.testng.SuiteRunner.runSequentially(SuiteRunner.java:431)
at org.testng.SuiteRunner.privateRun(SuiteRunner.java:391)
at org.testng.SuiteRunner.run(SuiteRunner.java:330)
at org.testng.SuiteRunnerWorker.runSuite(SuiteRunnerWorker.java:52)
at org.testng.SuiteRunnerWorker.run(SuiteRunnerWorker.java:95)
at org.testng.TestNG.runSuitesSequentially(TestNG.java:1256)
at org.testng.TestNG.runSuitesLocally(TestNG.java:1176)
at org.testng.TestNG.runSuites(TestNG.java:1099)
at org.testng.TestNG.run(TestNG.java:1067)
at org.testng.remote.AbstractRemoteTestNG.run(AbstractRemoteTestNG.java:115)
at org.testng.remote.RemoteTestNG.initAndRun(RemoteTestNG.java:251)
at org.testng.remote.RemoteTestNG.main(RemoteTestNG.java:77)
]]>
            </full-stacktrace>
          </exception> <!-- org.openqa.selenium.NoSuchElementException -->
          <reporter-output>
          </reporter-output>
        </test-method> <!-- SubmitOrder -->
        <test-method signature="checkOrders(java.util.HashMap)[pri:0, instance:MichealSeleniumAutomation.StandAlone2@3835c46]" started-at="2024-12-04T11:42:34 SAST" name="checkOrders" finished-at="2024-12-04T11:42:34 SAST" depends-on-methods="MichealSeleniumAutomation.StandAlone2.SubmitOrder" duration-ms="0" status="SKIP">
          <exception class="java.lang.Throwable">
            <message>
              <![CDATA[Method MichealSeleniumAutomation.StandAlone2.checkOrders() on instance MichealSeleniumAutomation.StandAlone2@3835c46 depends on not successfully finished methods 
[MichealSeleniumAutomation.StandAlone2.SubmitOrder() on instance MichealSeleniumAutomation.StandAlone2@3835c46]]]>
            </message>
            <full-stacktrace>
              <![CDATA[java.lang.Throwable: Method MichealSeleniumAutomation.StandAlone2.checkOrders() on instance MichealSeleniumAutomation.StandAlone2@3835c46 depends on not successfully finished methods 
[MichealSeleniumAutomation.StandAlone2.SubmitOrder() on instance MichealSeleniumAutomation.StandAlone2@3835c46]
at org.testng.internal.invokers.TestInvoker.invokeTestMethods(TestInvoker.java:150)
at org.testng.internal.invokers.TestMethodWorker.invokeTestMethods(TestMethodWorker.java:148)
at org.testng.internal.invokers.TestMethodWorker.run(TestMethodWorker.java:128)
at java.base/java.util.ArrayList.forEach(ArrayList.java:1511)
at org.testng.TestRunner.privateRun(TestRunner.java:829)
at org.testng.TestRunner.run(TestRunner.java:602)
at org.testng.SuiteRunner.runTest(SuiteRunner.java:437)
at org.testng.SuiteRunner.runSequentially(SuiteRunner.java:431)
at org.testng.SuiteRunner.privateRun(SuiteRunner.java:391)
at org.testng.SuiteRunner.run(SuiteRunner.java:330)
at org.testng.SuiteRunnerWorker.runSuite(SuiteRunnerWorker.java:52)
at org.testng.SuiteRunnerWorker.run(SuiteRunnerWorker.java:95)
at org.testng.TestNG.runSuitesSequentially(TestNG.java:1256)
at org.testng.TestNG.runSuitesLocally(TestNG.java:1176)
at org.testng.TestNG.runSuites(TestNG.java:1099)
at org.testng.TestNG.run(TestNG.java:1067)
at org.testng.remote.AbstractRemoteTestNG.run(AbstractRemoteTestNG.java:115)
at org.testng.remote.RemoteTestNG.initAndRun(RemoteTestNG.java:251)
at org.testng.remote.RemoteTestNG.main(RemoteTestNG.java:77)
]]>
            </full-stacktrace>
          </exception> <!-- java.lang.Throwable -->
          <reporter-output>
          </reporter-output>
        </test-method> <!-- checkOrders -->
        <test-method is-config="true" signature="closeTests()[pri:0, instance:MichealSeleniumAutomation.StandAlone2@3835c46]" started-at="2024-12-04T11:42:34 SAST" name="closeTests" finished-at="2024-12-04T11:42:34 SAST" duration-ms="147" status="PASS">
          <reporter-output>
          </reporter-output>
        </test-method> <!-- closeTests -->
      </class> <!-- MichealSeleniumAutomation.StandAlone2 -->
    </test> <!-- Default test -->
  </suite> <!-- Default suite -->
</testng-results>
