<?xml version="1.0" encoding="UTF-8"?>
<!-- Generated by org.testng.reporters.JUnitXMLReporter -->
<testsuite ignored="1" hostname="Michaels-MacBook-Pro.local" failures="0" tests="2" name="Default test" time="25.541" errors="0" timestamp="2024-12-06T10:19:31 SAST">
  <testcase classname="MichealSeleniumAutomation.StandAlone2" name="SubmitOrder" time="8.893"/>
  <testcase classname="MichealSeleniumAutomation.StandAlone2" name="SubmitOrder" time="6.697"/>
  <testcase classname="MichealSeleniumAutomation.StandAlone2" name="checkOrders" time="0.0">
    <ignored/>
  </testcase> <!-- checkOrders -->
</testsuite> <!-- Default test -->
