<?xml version="1.0" encoding="UTF-8"?>
<!-- Generated by org.testng.reporters.JUnitXMLReporter -->
<testsuite ignored="0" hostname="Michaels-MacBook-Pro.local" failures="0" tests="2" name="Default test" time="14.894" errors="0" timestamp="2024-12-06T12:35:35 SAST">
  <testcase classname="MichealSeleniumAutomation.ErrorValidations" name="SubmitIncorrectOrder" time="4.241"/>
  <testcase classname="MichealSeleniumAutomation.ErrorValidations" name="testFailedLogin" time="0.805"/>
</testsuite> <!-- Default test -->
