<?xml version="1.0" encoding="UTF-8"?>
<!-- Generated by org.testng.reporters.JUnitXMLReporter -->
<testsuite ignored="0" hostname="Michaels-MacBook-Pro.local" failures="1" tests="2" name="Error detection Department" time="15.114" errors="0" timestamp="2024-12-06T12:12:32 SAST">
  <testcase classname="MichealSeleniumAutomation.ErrorValidations" name="SubmitIncorrectOrder" time="4.114"/>
  <testcase classname="MichealSeleniumAutomation.ErrorValidations" name="testFailedLogin" time="0.235">
    <failure type="java.lang.AssertionError" message="expected:&amp;lt;Logout Successfully&amp;gt; but was:&amp;lt;Incorrect email or password.&amp;gt;">
      <![CDATA[java.lang.AssertionError: expected:<Logout Successfully> but was:<Incorrect email or password.>
at MichealSeleniumAutomation.ErrorValidations.testFailedLogin(ErrorValidations.java:26)
at java.base/java.util.ArrayList.forEach(ArrayList.java:1511)
... Removed 29 stack frames]]>
    </failure>
  </testcase> <!-- testFailedLogin -->
</testsuite> <!-- Error detection Department -->
