<?xml version="1.0" encoding="UTF-8"?>
<!-- Generated by org.testng.reporters.JUnitXMLReporter -->
<testsuite ignored="1" hostname="Michaels-MacBook-Pro.local" failures="0" tests="2" name="Stand Alone Department" time="25.036" errors="0" timestamp="2024-12-06T12:12:17 SAST">
  <testcase classname="MichealSeleniumAutomation.StandAlone2" name="SubmitOrder" time="9.139"/>
  <testcase classname="MichealSeleniumAutomation.StandAlone2" name="SubmitOrder" time="6.603"/>
  <testcase classname="MichealSeleniumAutomation.StandAlone2" name="checkOrders" time="0.0">
    <ignored/>
  </testcase> <!-- checkOrders -->
</testsuite> <!-- Stand Alone Department -->
