<?xml version="1.0" encoding="UTF-8"?>
<testng-results ignored="0" total="2" passed="2" failed="0" skipped="0">
  <reporter-output>
  </reporter-output>
  <suite started-at="2024-12-06T12:35:20 SAST" name="Default suite" finished-at="2024-12-06T12:35:35 SAST" duration-ms="14894">
    <groups>
    </groups>
    <test started-at="2024-12-06T12:35:20 SAST" name="Default test" finished-at="2024-12-06T12:35:35 SAST" duration-ms="14894">
      <class name="MichealSeleniumAutomation.ErrorValidations">
        <test-method is-config="true" signature="launchApplication()[pri:0, instance:MichealSeleniumAutomation.ErrorValidations@1ab3a8c8]" started-at="2024-12-06T12:35:20 SAST" name="launchApplication" finished-at="2024-12-06T12:35:29 SAST" duration-ms="9278" status="PASS">
          <reporter-output>
          </reporter-output>
        </test-method> <!-- launchApplication -->
        <test-method signature="SubmitIncorrectOrder()[pri:0, instance:MichealSeleniumAutomation.ErrorValidations@1ab3a8c8]" started-at="2024-12-06T12:35:29 SAST" name="SubmitIncorrectOrder" finished-at="2024-12-06T12:35:34 SAST" duration-ms="4241" status="PASS">
          <reporter-output>
          </reporter-output>
        </test-method> <!-- SubmitIncorrectOrder -->
        <test-method signature="testFailedLogin()[pri:0, instance:MichealSeleniumAutomation.ErrorValidations@1ab3a8c8]" started-at="2024-12-06T12:35:34 SAST" name="testFailedLogin" finished-at="2024-12-06T12:35:35 SAST" duration-ms="805" status="PASS">
          <reporter-output>
          </reporter-output>
        </test-method> <!-- testFailedLogin -->
        <test-method is-config="true" signature="closeTests()[pri:0, instance:MichealSeleniumAutomation.ErrorValidations@1ab3a8c8]" started-at="2024-12-06T12:35:35 SAST" name="closeTests" finished-at="2024-12-06T12:35:35 SAST" duration-ms="541" status="PASS">
          <reporter-output>
          </reporter-output>
        </test-method> <!-- closeTests -->
      </class> <!-- MichealSeleniumAutomation.ErrorValidations -->
    </test> <!-- Default test -->
  </suite> <!-- Default suite -->
</testng-results>
