<?xml version="1.0" encoding="UTF-8"?>
<testng-results ignored="1" total="3" passed="2" failed="0" skipped="0">
  <reporter-output>
  </reporter-output>
  <suite started-at="2024-12-06T10:19:05 SAST" name="Default suite" finished-at="2024-12-06T10:19:31 SAST" duration-ms="25541">
    <groups>
      <group name="Smoke">
        <method signature="StandAlone2.SubmitOrder(java.util.HashMap)[pri:0, instance:MichealSeleniumAutomation.StandAlone2@62150f9e]" name="SubmitOrder" class="MichealSeleniumAutomation.StandAlone2"/>
      </group> <!-- Smoke -->
    </groups>
    <test started-at="2024-12-06T10:19:05 SAST" name="Default test" finished-at="2024-12-06T10:19:31 SAST" duration-ms="25541">
      <class name="MichealSeleniumAutomation.StandAlone2">
        <test-method is-config="true" signature="launchApplication()[pri:0, instance:MichealSeleniumAutomation.StandAlone2@62150f9e]" started-at="2024-12-06T10:19:05 SAST" name="launchApplication" finished-at="2024-12-06T10:19:15 SAST" duration-ms="9513" status="PASS">
          <reporter-output>
          </reporter-output>
        </test-method> <!-- launchApplication -->
        <test-method signature="SubmitOrder(java.util.HashMap)[pri:0, instance:MichealSeleniumAutomation.StandAlone2@62150f9e]" started-at="2024-12-06T10:19:15 SAST" name="SubmitOrder" data-provider="getData" finished-at="2024-12-06T10:19:24 SAST" duration-ms="8893" status="PASS">
          <params>
            <param index="0">
              <value>
                <![CDATA[{password=Grouth#44, product=ZARA COAT 3, email=dmichaeldjamba@gmail.com}]]>
              </value>
            </param>
          </params>
          <reporter-output>
          </reporter-output>
        </test-method> <!-- SubmitOrder -->
        <test-method signature="SubmitOrder(java.util.HashMap)[pri:0, instance:MichealSeleniumAutomation.StandAlone2@62150f9e]" started-at="2024-12-06T10:19:24 SAST" name="SubmitOrder" data-provider="getData" finished-at="2024-12-06T10:19:30 SAST" duration-ms="6697" status="PASS">
          <params>
            <param index="0">
              <value>
                <![CDATA[{password=Grouth#44, product=IPHONE 13 PRO, email=mikekulio@gmail.com}]]>
              </value>
            </param>
          </params>
          <reporter-output>
          </reporter-output>
        </test-method> <!-- SubmitOrder -->
        <test-method is-config="true" signature="closeTests()[pri:0, instance:MichealSeleniumAutomation.StandAlone2@62150f9e]" started-at="2024-12-06T10:19:30 SAST" name="closeTests" finished-at="2024-12-06T10:19:31 SAST" duration-ms="221" status="PASS">
          <reporter-output>
          </reporter-output>
        </test-method> <!-- closeTests -->
      </class> <!-- MichealSeleniumAutomation.StandAlone2 -->
    </test> <!-- Default test -->
  </suite> <!-- Default suite -->
</testng-results>
