<?xml version="1.0" encoding="UTF-8"?>
<!-- Generated by org.testng.reporters.JUnitXMLReporter -->
<testsuite ignored="1" hostname="Michaels-MacBook-Pro.local" failures="2" tests="3" name="Test" time="14.938" errors="0" timestamp="2024-12-02T21:30:31 SAST">
  <testcase classname="MichealSeleniumAutomation.StandAlone2" name="SubmitOrder" time="5.77"/>
  <testcase classname="MichealSeleniumAutomation.ErrorValidations" name="SubmitIncorrectOrder" time="0.001">
    <failure type="java.lang.NullPointerException" message="Cannot invoke &amp;quot;MichaelSeleniumAutomation.pageobjects.LandingPage.LoginApplication(String, String)&amp;quot; because &amp;quot;this.page&amp;quot; is null">
      <![CDATA[java.lang.NullPointerException: Cannot invoke "MichaelSeleniumAutomation.pageobjects.LandingPage.LoginApplication(String, String)" because "this.page" is null
at MichealSeleniumAutomation.ErrorValidations.SubmitIncorrectOrder(ErrorValidations.java:38)
at java.base/java.util.ArrayList.forEach(ArrayList.java:1511)
... Removed 27 stack frames]]>
    </failure>
  </testcase> <!-- SubmitIncorrectOrder -->
  <testcase classname="MichealSeleniumAutomation.ErrorValidations" name="testFailedLogin" time="0.001">
    <failure type="java.lang.NullPointerException" message="Cannot invoke &amp;quot;MichaelSeleniumAutomation.pageobjects.LandingPage.LoginApplication(String, String)&amp;quot; because &amp;quot;this.page&amp;quot; is null">
      <![CDATA[java.lang.NullPointerException: Cannot invoke "MichaelSeleniumAutomation.pageobjects.LandingPage.LoginApplication(String, String)" because "this.page" is null
at MichealSeleniumAutomation.ErrorValidations.testFailedLogin(ErrorValidations.java:24)
at java.base/java.util.ArrayList.forEach(ArrayList.java:1511)
... Removed 27 stack frames]]>
    </failure>
  </testcase> <!-- testFailedLogin -->
  <testcase classname="MichaelSeleniumAutomation.TestComponents.BaseTest" name="@BeforeTest launchApplication" time="0.0">
    <ignored/>
  </testcase> <!-- @BeforeTest launchApplication -->
</testsuite> <!-- Test -->
